e:\user\tools\saat\saat\bin\saat_v1.0.2\seatctrlapp_task6_solution\seatctrlapp\seatctrlapp\debug\vc120.pdb
e:\user\tools\saat\saat\bin\saat_v1.0.2\seatctrlapp_task6_solution\seatctrlapp\seatctrlapp\debug\vc120.idb
e:\user\tools\saat\saat\bin\saat_v1.0.2\seatctrlapp_task6_solution\seatctrlapp\seatctrlapp\debug\hmi.obj
e:\user\tools\saat\saat\bin\saat_v1.0.2\seatctrlapp_task6_solution\seatctrlapp\seatctrlapp\debug\seatmanager.obj
e:\user\tools\saat\saat\bin\saat_v1.0.2\seatctrlapp_task6_solution\seatctrlapp\seatctrlapp\debug\heightmotor.obj
e:\user\tools\saat\saat\bin\saat_v1.0.2\seatctrlapp_task6_solution\seatctrlapp\seatctrlapp\debug\heightsensor.obj
e:\user\tools\saat\saat\bin\saat_v1.0.2\seatctrlapp_task6_solution\seatctrlapp\seatctrlapp\debug\inclinemotor.obj
e:\user\tools\saat\saat\bin\saat_v1.0.2\seatctrlapp_task6_solution\seatctrlapp\seatctrlapp\debug\inclinesensor.obj
e:\user\tools\saat\saat\bin\saat_v1.0.2\seatctrlapp_task6_solution\seatctrlapp\seatctrlapp\debug\iohwabs.obj
e:\user\tools\saat\saat\bin\saat_v1.0.2\seatctrlapp_task6_solution\seatctrlapp\seatctrlapp\debug\slidemotor.obj
e:\user\tools\saat\saat\bin\saat_v1.0.2\seatctrlapp_task6_solution\seatctrlapp\seatctrlapp\debug\slidesensor.obj
e:\user\tools\saat\saat\bin\saat_v1.0.2\seatctrlapp_task6_solution\seatctrlapp\seatctrlapp\debug\weightsensor.obj
e:\user\tools\saat\saat\bin\saat_v1.0.2\seatctrlapp_task6_solution\seatctrlapp\seatctrlapp\debug\adc.obj
e:\user\tools\saat\saat\bin\saat_v1.0.2\seatctrlapp_task6_solution\seatctrlapp\seatctrlapp\debug\com.obj
e:\user\tools\saat\saat\bin\saat_v1.0.2\seatctrlapp_task6_solution\seatctrlapp\seatctrlapp\debug\dio.obj
e:\user\tools\saat\saat\bin\saat_v1.0.2\seatctrlapp_task6_solution\seatctrlapp\seatctrlapp\debug\os.obj
e:\user\tools\saat\saat\bin\saat_v1.0.2\seatctrlapp_task6_solution\seatctrlapp\seatctrlapp\debug\spi.obj
e:\user\tools\saat\saat\bin\saat_v1.0.2\seatctrlapp_task6_solution\seatctrlapp\seatctrlapp\debug\rte.obj
e:\user\tools\saat\saat\bin\saat_v1.0.2\seatctrlapp_task6_solution\seatctrlapp\seatctrlapp\debug\vfb.obj
e:\user\tools\saat\saat\bin\saat_v1.0.2\seatctrlapp_task6_solution\seatctrlapp\seatctrlapp\debug\seatctrlapp.obj
e:\user\tools\saat\saat\bin\saat_v1.0.2\seatctrlapp_task6_solution\seatctrlapp\seatctrlapp\debug\main.obj
e:\user\tools\saat\saat\bin\saat_v1.0.2\seatctrlapp_task6_solution\seatctrlapp\debug\seatctrlapp.ilk
e:\user\tools\saat\saat\bin\saat_v1.0.2\seatctrlapp_task6_solution\seatctrlapp\debug\seatctrlapp.exe
e:\user\tools\saat\saat\bin\saat_v1.0.2\seatctrlapp_task6_solution\seatctrlapp\debug\seatctrlapp.pdb
e:\user\tools\saat\saat\bin\saat_v1.0.2\seatctrlapp_task6_solution\seatctrlapp\seatctrlapp\debug\seatctrlapp.tlog\cl.command.1.tlog
e:\user\tools\saat\saat\bin\saat_v1.0.2\seatctrlapp_task6_solution\seatctrlapp\seatctrlapp\debug\seatctrlapp.tlog\cl.read.1.tlog
e:\user\tools\saat\saat\bin\saat_v1.0.2\seatctrlapp_task6_solution\seatctrlapp\seatctrlapp\debug\seatctrlapp.tlog\cl.write.1.tlog
e:\user\tools\saat\saat\bin\saat_v1.0.2\seatctrlapp_task6_solution\seatctrlapp\seatctrlapp\debug\seatctrlapp.tlog\link.command.1.tlog
e:\user\tools\saat\saat\bin\saat_v1.0.2\seatctrlapp_task6_solution\seatctrlapp\seatctrlapp\debug\seatctrlapp.tlog\link.read.1.tlog
e:\user\tools\saat\saat\bin\saat_v1.0.2\seatctrlapp_task6_solution\seatctrlapp\seatctrlapp\debug\seatctrlapp.tlog\link.write.1.tlog
